Copyright 1986-2021 Xilinx, Inc. All Rights Reserved.
-------------------------------------------------------------------------------------------------------
| Tool Version : Vivado v.2021.1 (win64) Build 3247384 Thu Jun 10 19:36:33 MDT 2021
| Date         : Mon Jan 24 08:25:22 2022
| Host         : WIN-544SHHHOI8Q running 64-bit major release  (build 9200)
| Command      : report_clock_utilization -file urllc_fifo_sender_wrapper_clock_utilization_routed.rpt
| Design       : urllc_fifo_sender_wrapper
| Device       : 7z020-clg400
| Speed File   : -2  PRODUCTION 1.12 2019-11-22
| Design State : Routed
-------------------------------------------------------------------------------------------------------

Clock Utilization Report

Table of Contents
-----------------
1. Clock Primitive Utilization
2. Global Clock Resources
3. Global Clock Source Details
4. Local Clock Details
5. Clock Regions: Key Resource Utilization
6. Clock Regions : Global Clock Summary
7. Device Cell Placement Summary for Global Clock g0
8. Device Cell Placement Summary for Global Clock g1
9. Device Cell Placement Summary for Global Clock g2
10. Device Cell Placement Summary for Global Clock g3
11. Device Cell Placement Summary for Global Clock g4
12. Device Cell Placement Summary for Global Clock g5
13. Clock Region Cell Placement per Global Clock: Region X0Y0
14. Clock Region Cell Placement per Global Clock: Region X1Y0
15. Clock Region Cell Placement per Global Clock: Region X0Y1
16. Clock Region Cell Placement per Global Clock: Region X1Y1
17. Clock Region Cell Placement per Global Clock: Region X0Y2
18. Clock Region Cell Placement per Global Clock: Region X1Y2

1. Clock Primitive Utilization
------------------------------

+----------+------+-----------+-----+--------------+--------+
| Type     | Used | Available | LOC | Clock Region | Pblock |
+----------+------+-----------+-----+--------------+--------+
| BUFGCTRL |    6 |        32 |   0 |            0 |      0 |
| BUFH     |    0 |        72 |   0 |            0 |      0 |
| BUFIO    |    0 |        16 |   0 |            0 |      0 |
| BUFMR    |    0 |         8 |   0 |            0 |      0 |
| BUFR     |    0 |        16 |   0 |            0 |      0 |
| MMCM     |    2 |         4 |   0 |            0 |      0 |
| PLL      |    0 |         4 |   0 |            0 |      0 |
+----------+------+-----------+-----+--------------+--------+


2. Global Clock Resources
-------------------------

+-----------+-----------+-----------------+------------+----------------+--------------+-------------------+-------------+-----------------+--------------+--------------------------------------------------------------------------------------------+----------------------------------------------------------------------------------------------------------+---------------------------------------------------------------------------------------------------------------+
| Global Id | Source Id | Driver Type/Pin | Constraint | Site           | Clock Region | Load Clock Region | Clock Loads | Non-Clock Loads | Clock Period | Clock                                                                                      | Driver Pin                                                                                               | Net                                                                                                           |
+-----------+-----------+-----------------+------------+----------------+--------------+-------------------+-------------+-----------------+--------------+--------------------------------------------------------------------------------------------+----------------------------------------------------------------------------------------------------------+---------------------------------------------------------------------------------------------------------------+
| g0        | src0      | BUFG/O          | None       | BUFGCTRL_X0Y0  | n/a          |                 6 |       13338 |               2 |       16.667 | clk_out1_urllc_fifo_core_inst_0_clk_static_0                                               | urllc_fifo_sender_i/urllc_fifo_core_0/core/clk_static/inst/clkout1_buf/O                                 | urllc_fifo_sender_i/urllc_fifo_core_0/core/clk_static/inst/clk_out1                                           |
| g1        | src1      | BUFG/O          | None       | BUFGCTRL_X0Y1  | n/a          |                 2 |         469 |               0 |       33.000 | dbg_hub/inst/BSCANID.u_xsdbm_id/SWITCH_N_EXT_BSCAN.bscan_inst/SERIES7_BSCAN.bscan_inst/TCK | dbg_hub/inst/BSCANID.u_xsdbm_id/SWITCH_N_EXT_BSCAN.u_bufg_icon_tck/O                                     | dbg_hub/inst/BSCANID.u_xsdbm_id/itck_i                                                                        |
| g2        | src2      | BUFG/O          | None       | BUFGCTRL_X0Y2  | n/a          |                 1 |         131 |               0 |       16.667 | clk_out_dynamic_urllc_fifo_core_inst_0_clk_dynamic_0_1                                     | urllc_fifo_sender_i/urllc_fifo_core_0/core/clk_dynamic/inst/clkout1_buf/O                                | urllc_fifo_sender_i/urllc_fifo_core_0/core/clk_dynamic/inst/clk_out_dynamic                                   |
| g3        | src3      | BUFG/O          | None       | BUFGCTRL_X0Y16 | n/a          |                 2 |           2 |               0 |       20.000 | clk_fpga_0                                                                                 | urllc_fifo_sender_i/urllc_fifo_core_0/core/processing_system7_0/inst/buffer_fclk_clk_0.FCLK_CLK_0_BUFG/O | urllc_fifo_sender_i/urllc_fifo_core_0/core/processing_system7_0/inst/FCLK_CLK0                                |
| g4        | src4      | BUFG/O          | None       | BUFGCTRL_X0Y3  | n/a          |                 1 |           1 |               0 |       20.000 | clkfbout_urllc_fifo_core_inst_0_clk_dynamic_0_1                                            | urllc_fifo_sender_i/urllc_fifo_core_0/core/clk_dynamic/inst/clkf_buf/O                                   | urllc_fifo_sender_i/urllc_fifo_core_0/core/clk_dynamic/inst/clkfbout_buf_urllc_fifo_core_inst_0_clk_dynamic_0 |
| g5        | src5      | BUFG/O          | None       | BUFGCTRL_X0Y4  | n/a          |                 1 |           1 |               0 |       20.000 | clkfbout_urllc_fifo_core_inst_0_clk_static_0                                               | urllc_fifo_sender_i/urllc_fifo_core_0/core/clk_static/inst/clkf_buf/O                                    | urllc_fifo_sender_i/urllc_fifo_core_0/core/clk_static/inst/clkfbout_buf_urllc_fifo_core_inst_0_clk_static_0   |
+-----------+-----------+-----------------+------------+----------------+--------------+-------------------+-------------+-----------------+--------------+--------------------------------------------------------------------------------------------+----------------------------------------------------------------------------------------------------------+---------------------------------------------------------------------------------------------------------------+
* Clock Loads column represents the clock pin loads (pin count)
** Non-Clock Loads column represents the non-clock pin loads (pin count)


3. Global Clock Source Details
------------------------------

+-----------+-----------+---------------------+------------+-----------------+--------------+-------------+-----------------+---------------------+--------------------------------------------------------------------------------------------+--------------------------------------------------------------------------------------------+------------------------------------------------------------------------------------------------------------------+
| Source Id | Global Id | Driver Type/Pin     | Constraint | Site            | Clock Region | Clock Loads | Non-Clock Loads | Source Clock Period | Source Clock                                                                               | Driver Pin                                                                                 | Net                                                                                                              |
+-----------+-----------+---------------------+------------+-----------------+--------------+-------------+-----------------+---------------------+--------------------------------------------------------------------------------------------+--------------------------------------------------------------------------------------------+------------------------------------------------------------------------------------------------------------------+
| src0      | g0        | MMCME2_ADV/CLKOUT0  | None       | MMCME2_ADV_X1Y0 | X1Y0         |           1 |               0 |              16.667 | clk_out1_urllc_fifo_core_inst_0_clk_static_0                                               | urllc_fifo_sender_i/urllc_fifo_core_0/core/clk_static/inst/mmcm_adv_inst/CLKOUT0           | urllc_fifo_sender_i/urllc_fifo_core_0/core/clk_static/inst/clk_out1_urllc_fifo_core_inst_0_clk_static_0          |
| src1      | g1        | BSCANE2/TCK         | None       | BSCAN_X0Y0      | X1Y1         |           1 |               0 |              33.000 | dbg_hub/inst/BSCANID.u_xsdbm_id/SWITCH_N_EXT_BSCAN.bscan_inst/SERIES7_BSCAN.bscan_inst/TCK | dbg_hub/inst/BSCANID.u_xsdbm_id/SWITCH_N_EXT_BSCAN.bscan_inst/SERIES7_BSCAN.bscan_inst/TCK | dbg_hub/inst/BSCANID.u_xsdbm_id/SWITCH_N_EXT_BSCAN.bscan_inst/tck_bs                                             |
| src2      | g2        | MMCME2_ADV/CLKOUT0  | None       | MMCME2_ADV_X0Y0 | X0Y0         |           1 |               0 |              16.667 | clk_out_dynamic_urllc_fifo_core_inst_0_clk_dynamic_0_1                                     | urllc_fifo_sender_i/urllc_fifo_core_0/core/clk_dynamic/inst/mmcm_adv_inst/CLKOUT0          | urllc_fifo_sender_i/urllc_fifo_core_0/core/clk_dynamic/inst/clk_out_dynamic_urllc_fifo_core_inst_0_clk_dynamic_0 |
| src3      | g3        | PS7/FCLKCLK[0]      | PS7_X0Y0   | PS7_X0Y0        | X0Y2         |           1 |               0 |              20.000 | clk_fpga_0                                                                                 | urllc_fifo_sender_i/urllc_fifo_core_0/core/processing_system7_0/inst/PS7_i/FCLKCLK[0]      | urllc_fifo_sender_i/urllc_fifo_core_0/core/processing_system7_0/inst/FCLK_CLK_unbuffered[0]                      |
| src4      | g4        | MMCME2_ADV/CLKFBOUT | None       | MMCME2_ADV_X0Y0 | X0Y0         |           1 |               0 |              20.000 | clkfbout_urllc_fifo_core_inst_0_clk_dynamic_0_1                                            | urllc_fifo_sender_i/urllc_fifo_core_0/core/clk_dynamic/inst/mmcm_adv_inst/CLKFBOUT         | urllc_fifo_sender_i/urllc_fifo_core_0/core/clk_dynamic/inst/clkfbout_urllc_fifo_core_inst_0_clk_dynamic_0        |
| src5      | g5        | MMCME2_ADV/CLKFBOUT | None       | MMCME2_ADV_X1Y0 | X1Y0         |           1 |               0 |              20.000 | clkfbout_urllc_fifo_core_inst_0_clk_static_0                                               | urllc_fifo_sender_i/urllc_fifo_core_0/core/clk_static/inst/mmcm_adv_inst/CLKFBOUT          | urllc_fifo_sender_i/urllc_fifo_core_0/core/clk_static/inst/clkfbout_urllc_fifo_core_inst_0_clk_static_0          |
+-----------+-----------+---------------------+------------+-----------------+--------------+-------------+-----------------+---------------------+--------------------------------------------------------------------------------------------+--------------------------------------------------------------------------------------------+------------------------------------------------------------------------------------------------------------------+
* Clock Loads column represents the clock pin loads (pin count)
** Non-Clock Loads column represents the non-clock pin loads (pin count)


4. Local Clock Details
----------------------

+----------+-----------------+------------+------------------+--------------+-------------+-----------------+--------------+-------+----------------------------------------------------------------------------------------------------------+------------------------------------------------------------------------------------------+
| Local Id | Driver Type/Pin | Constraint | Site/BEL         | Clock Region | Clock Loads | Non-Clock Loads | Clock Period | Clock | Driver Pin                                                                                               | Net                                                                                      |
+----------+-----------------+------------+------------------+--------------+-------------+-----------------+--------------+-------+----------------------------------------------------------------------------------------------------------+------------------------------------------------------------------------------------------||
| 0        | FDRE/Q          | None       | SLICE_X26Y80/DFF | X0Y1         |           1 |               1 |              |       | urllc_fifo_sender_i/urllc_fifo_core_0/debug_ctrl/axi_gpio_0/U0/gpio_core_1/Dual.gpio2_Data_Out_reg[28]/Q | urllc_fifo_sender_i/urllc_fifo_core_0/debug_ctrl/axi_gpio_0/U0/gpio_core_1/gpio2_io_o[3] - Static -
+----------+-----------------+------------+------------------+--------------+-------------+-----------------+--------------+-------+----------------------------------------------------------------------------------------------------------+------------------------------------------------------------------------------------------||
* Local Clocks in this context represents only clocks driven by non-global buffers
** Clock Loads column represents the clock pin loads (pin count)
*** Non-Clock Loads column represents the non-clock pin loads (pin count)


5. Clock Regions: Key Resource Utilization
------------------------------------------

+-------------------+--------------+--------------+--------------+--------------+--------------+--------------+--------------+--------------+--------------+--------------+--------------+--------------+--------------+--------------+--------------+
|                   | Global Clock |     BUFRs    |    BUFMRs    |    BUFIOs    |     MMCM     |      PLL     |      GT      |      PCI     |    ILOGIC    |    OLOGIC    |      FF      |     LUTM     |    RAMB18    |    RAMB36    |    DSP48E2   |
+-------------------+------+-------+------+-------+------+-------+------+-------+------+-------+------+-------+------+-------+------+-------+------+-------+------+-------+------+-------+------+-------+------+-------+------+-------+------+-------+
| Clock Region Name | Used | Avail | Used | Avail | Used | Avail | Used | Avail | Used | Avail | Used | Avail | Used | Avail | Used | Avail | Used | Avail | Used | Avail | Used | Avail | Used | Avail | Used | Avail | Used | Avail | Used | Avail |
+-------------------+------+-------+------+-------+------+-------+------+-------+------+-------+------+-------+------+-------+------+-------+------+-------+------+-------+------+-------+------+-------+------+-------+------+-------+------+-------+
| X0Y0              |    3 |    12 |    0 |     4 |    0 |     2 |    0 |     4 |    1 |     1 |    0 |     1 |    0 |     0 |    0 |     0 |    0 |    50 |    0 |    50 | 2524 |  2500 | 1165 |  1000 |    0 |    60 |    0 |    30 |    0 |    60 |
| X1Y0              |    3 |    12 |    0 |     4 |    0 |     2 |    0 |     4 |    1 |     1 |    0 |     1 |    0 |     0 |    0 |     0 |    0 |    50 |    0 |    50 | 1680 |  3200 |  421 |   850 |    0 |    60 |    4 |    30 |    0 |    40 |
| X0Y1              |    1 |    12 |    0 |     0 |    0 |     0 |    0 |     0 |    0 |     0 |    0 |     0 |    0 |     0 |    0 |     0 |    0 |     0 |    0 |     0 | 3795 |  1200 | 1380 |   400 |    0 |    20 |    2 |    10 |    0 |    20 |
| X1Y1              |    2 |    12 |    0 |     4 |    0 |     2 |    0 |     4 |    0 |     1 |    0 |     1 |    0 |     0 |    0 |     0 |    0 |    50 |    0 |    50 | 4130 |  2600 | 1306 |   850 |    0 |    60 |   17 |    30 |    0 |    40 |
| X0Y2              |    2 |    12 |    0 |     0 |    0 |     0 |    0 |     0 |    0 |     0 |    0 |     0 |    0 |     0 |    0 |     0 |    0 |     0 |    0 |     0 |  375 |  1200 |  131 |   400 |    0 |    20 |    4 |    10 |    0 |    20 |
| X1Y2              |    2 |    12 |    0 |     4 |    0 |     2 |    0 |     4 |    0 |     1 |    0 |     1 |    0 |     0 |    0 |     0 |    0 |    50 |    0 |    50 |  552 |  2600 |  187 |   850 |    0 |    60 |   17 |    30 |    0 |    40 |
+-------------------+------+-------+------+-------+------+-------+------+-------+------+-------+------+-------+------+-------+------+-------+------+-------+------+-------+------+-------+------+-------+------+-------+------+-------+------+-------+
* Global Clock column represents track count; while other columns represents cell counts


6. Clock Regions : Global Clock Summary
---------------------------------------

All Modules
+----+----+----+
|    | X0 | X1 |
+----+----+----+
| Y2 |  2 |  2 |
| Y1 |  1 |  2 |
| Y0 |  3 |  3 |
+----+----+----+


7. Device Cell Placement Summary for Global Clock g0
----------------------------------------------------

+-----------+-----------------+-------------------+----------------------------------------------+-------------+---------------+-------------+----------+----------------+----------+---------------------------------------------------------------------+
| Global Id | Driver Type/Pin | Driver Region (D) | Clock                                        | Period (ns) | Waveform (ns) | Slice Loads | IO Loads | Clocking Loads | GT Loads | Net                                                                 |
+-----------+-----------------+-------------------+----------------------------------------------+-------------+---------------+-------------+----------+----------------+----------+---------------------------------------------------------------------+
| g0        | BUFG/O          | n/a               | clk_out1_urllc_fifo_core_inst_0_clk_static_0 |      16.667 | {0.000 8.333} |       12936 |        2 |              0 |        0 | urllc_fifo_sender_i/urllc_fifo_core_0/core/clk_static/inst/clk_out1 |
+-----------+-----------------+-------------------+----------------------------------------------+-------------+---------------+-------------+----------+----------------+----------+---------------------------------------------------------------------+
* Slice Loads column represents load cell count of all cell types other than IO, GT and clock resources
** IO Loads column represents load cell count of IO types
*** Clocking Loads column represents load cell count that are clock resources (global clock buffer, MMCM, PLL, etc)
**** GT Loads column represents load cell count of GT types


+----+-------+-------+-----------------------+
|    | X0    | X1    | HORIZONTAL PROG DELAY |
+----+-------+-------+-----------------------+
| Y2 |   268 |   503 |                     0 |
| Y1 |  3937 |  3887 |                     0 |
| Y0 |  2577 |  1766 |                     0 |
+----+-------+-------+-----------------------+


8. Device Cell Placement Summary for Global Clock g1
----------------------------------------------------

+-----------+-----------------+-------------------+--------------------------------------------------------------------------------------------+-------------+----------------+-------------+----------+----------------+----------+----------------------------------------+
| Global Id | Driver Type/Pin | Driver Region (D) | Clock                                                                                      | Period (ns) | Waveform (ns)  | Slice Loads | IO Loads | Clocking Loads | GT Loads | Net                                    |
+-----------+-----------------+-------------------+--------------------------------------------------------------------------------------------+-------------+----------------+-------------+----------+----------------+----------+----------------------------------------+
| g1        | BUFG/O          | n/a               | dbg_hub/inst/BSCANID.u_xsdbm_id/SWITCH_N_EXT_BSCAN.bscan_inst/SERIES7_BSCAN.bscan_inst/TCK |      33.000 | {0.000 16.500} |         466 |        0 |              0 |        0 | dbg_hub/inst/BSCANID.u_xsdbm_id/itck_i |
+-----------+-----------------+-------------------+--------------------------------------------------------------------------------------------+-------------+----------------+-------------+----------+----------------+----------+----------------------------------------+
* Slice Loads column represents load cell count of all cell types other than IO, GT and clock resources
** IO Loads column represents load cell count of IO types
*** Clocking Loads column represents load cell count that are clock resources (global clock buffer, MMCM, PLL, etc)
**** GT Loads column represents load cell count of GT types


+----+----+------+-----------------------+
|    | X0 | X1   | HORIZONTAL PROG DELAY |
+----+----+------+-----------------------+
| Y2 |  0 |   77 |                     0 |
| Y1 |  0 |  389 |                     0 |
| Y0 |  0 |    0 |                     0 |
+----+----+------+-----------------------+


9. Device Cell Placement Summary for Global Clock g2
----------------------------------------------------

+-----------+-----------------+-------------------+--------------------------------------------------------+-------------+---------------+-------------+----------+----------------+----------+-----------------------------------------------------------------------------+
| Global Id | Driver Type/Pin | Driver Region (D) | Clock                                                  | Period (ns) | Waveform (ns) | Slice Loads | IO Loads | Clocking Loads | GT Loads | Net                                                                         |
+-----------+-----------------+-------------------+--------------------------------------------------------+-------------+---------------+-------------+----------+----------------+----------+-----------------------------------------------------------------------------+
| g2        | BUFG/O          | n/a               | clk_out_dynamic_urllc_fifo_core_inst_0_clk_dynamic_0_1 |      16.667 | {0.000 8.333} |         131 |        0 |              0 |        0 | urllc_fifo_sender_i/urllc_fifo_core_0/core/clk_dynamic/inst/clk_out_dynamic |
+-----------+-----------------+-------------------+--------------------------------------------------------+-------------+---------------+-------------+----------+----------------+----------+-----------------------------------------------------------------------------+
* Slice Loads column represents load cell count of all cell types other than IO, GT and clock resources
** IO Loads column represents load cell count of IO types
*** Clocking Loads column represents load cell count that are clock resources (global clock buffer, MMCM, PLL, etc)
**** GT Loads column represents load cell count of GT types


+----+------+----+-----------------------+
|    | X0   | X1 | HORIZONTAL PROG DELAY |
+----+------+----+-----------------------+
| Y2 |  131 |  0 |                     0 |
| Y1 |    0 |  0 |                     0 |
| Y0 |    0 |  0 |                     0 |
+----+------+----+-----------------------+


10. Device Cell Placement Summary for Global Clock g3
-----------------------------------------------------

+-----------+-----------------+-------------------+------------+-------------+----------------+-------------+----------+----------------+----------+--------------------------------------------------------------------------------+
| Global Id | Driver Type/Pin | Driver Region (D) | Clock      | Period (ns) | Waveform (ns)  | Slice Loads | IO Loads | Clocking Loads | GT Loads | Net                                                                            |
+-----------+-----------------+-------------------+------------+-------------+----------------+-------------+----------+----------------+----------+--------------------------------------------------------------------------------+
| g3        | BUFG/O          | n/a               | clk_fpga_0 |      20.000 | {0.000 10.000} |           0 |        0 |              2 |        0 | urllc_fifo_sender_i/urllc_fifo_core_0/core/processing_system7_0/inst/FCLK_CLK0 |
+-----------+-----------------+-------------------+------------+-------------+----------------+-------------+----------+----------------+----------+--------------------------------------------------------------------------------+
* Slice Loads column represents load cell count of all cell types other than IO, GT and clock resources
** IO Loads column represents load cell count of IO types
*** Clocking Loads column represents load cell count that are clock resources (global clock buffer, MMCM, PLL, etc)
**** GT Loads column represents load cell count of GT types


+----+----+----+-----------------------+
|    | X0 | X1 | HORIZONTAL PROG DELAY |
+----+----+----+-----------------------+
| Y2 |  0 |  0 |                     0 |
| Y1 |  0 |  0 |                     0 |
| Y0 |  1 |  1 |                     0 |
+----+----+----+-----------------------+


11. Device Cell Placement Summary for Global Clock g4
-----------------------------------------------------

+-----------+-----------------+-------------------+-------------------------------------------------+-------------+----------------+-------------+----------+----------------+----------+---------------------------------------------------------------------------------------------------------------+
| Global Id | Driver Type/Pin | Driver Region (D) | Clock                                           | Period (ns) | Waveform (ns)  | Slice Loads | IO Loads | Clocking Loads | GT Loads | Net                                                                                                           |
+-----------+-----------------+-------------------+-------------------------------------------------+-------------+----------------+-------------+----------+----------------+----------+---------------------------------------------------------------------------------------------------------------+
| g4        | BUFG/O          | n/a               | clkfbout_urllc_fifo_core_inst_0_clk_dynamic_0_1 |      20.000 | {0.000 10.000} |           0 |        0 |              1 |        0 | urllc_fifo_sender_i/urllc_fifo_core_0/core/clk_dynamic/inst/clkfbout_buf_urllc_fifo_core_inst_0_clk_dynamic_0 |
+-----------+-----------------+-------------------+-------------------------------------------------+-------------+----------------+-------------+----------+----------------+----------+---------------------------------------------------------------------------------------------------------------+
* Slice Loads column represents load cell count of all cell types other than IO, GT and clock resources
** IO Loads column represents load cell count of IO types
*** Clocking Loads column represents load cell count that are clock resources (global clock buffer, MMCM, PLL, etc)
**** GT Loads column represents load cell count of GT types


+----+----+----+-----------------------+
|    | X0 | X1 | HORIZONTAL PROG DELAY |
+----+----+----+-----------------------+
| Y2 |  0 |  0 |                     0 |
| Y1 |  0 |  0 |                     0 |
| Y0 |  1 |  0 |                     0 |
+----+----+----+-----------------------+


12. Device Cell Placement Summary for Global Clock g5
-----------------------------------------------------

+-----------+-----------------+-------------------+----------------------------------------------+-------------+----------------+-------------+----------+----------------+----------+-------------------------------------------------------------------------------------------------------------+
| Global Id | Driver Type/Pin | Driver Region (D) | Clock                                        | Period (ns) | Waveform (ns)  | Slice Loads | IO Loads | Clocking Loads | GT Loads | Net                                                                                                         |
+-----------+-----------------+-------------------+----------------------------------------------+-------------+----------------+-------------+----------+----------------+----------+-------------------------------------------------------------------------------------------------------------+
| g5        | BUFG/O          | n/a               | clkfbout_urllc_fifo_core_inst_0_clk_static_0 |      20.000 | {0.000 10.000} |           0 |        0 |              1 |        0 | urllc_fifo_sender_i/urllc_fifo_core_0/core/clk_static/inst/clkfbout_buf_urllc_fifo_core_inst_0_clk_static_0 |
+-----------+-----------------+-------------------+----------------------------------------------+-------------+----------------+-------------+----------+----------------+----------+-------------------------------------------------------------------------------------------------------------+
* Slice Loads column represents load cell count of all cell types other than IO, GT and clock resources
** IO Loads column represents load cell count of IO types
*** Clocking Loads column represents load cell count that are clock resources (global clock buffer, MMCM, PLL, etc)
**** GT Loads column represents load cell count of GT types


+----+----+----+-----------------------+
|    | X0 | X1 | HORIZONTAL PROG DELAY |
+----+----+----+-----------------------+
| Y2 |  0 |  0 |                     0 |
| Y1 |  0 |  0 |                     0 |
| Y0 |  0 |  1 |                     0 |
+----+----+----+-----------------------+


13. Clock Region Cell Placement per Global Clock: Region X0Y0
-------------------------------------------------------------

+-----------+-------+-----------------+------------+-------------+-----------------+------+--------+------+-----+----+------+-----+---------+---------------------------------------------------------------------------------------------------------------+
| Global Id | Track | Driver Type/Pin | Constraint | Clock Loads | Non-Clock Loads | FF   | LUTRAM | RAMB | DSP | GT | MMCM | PLL | Hard IP | Net                                                                                                           |
+-----------+-------+-----------------+------------+-------------+-----------------+------+--------+------+-----+----+------+-----+---------+---------------------------------------------------------------------------------------------------------------+
| g0        | n/a   | BUFG/O          | None       |        2577 |               0 | 2524 |     53 |    0 |   0 |  0 |    0 |   0 |       0 | urllc_fifo_sender_i/urllc_fifo_core_0/core/clk_static/inst/clk_out1                                           |
| g3        | n/a   | BUFG/O          | None       |           1 |               0 |    0 |      0 |    0 |   0 |  0 |    1 |   0 |       0 | urllc_fifo_sender_i/urllc_fifo_core_0/core/processing_system7_0/inst/FCLK_CLK0                                |
| g4        | n/a   | BUFG/O          | None       |           1 |               0 |    0 |      0 |    0 |   0 |  0 |    1 |   0 |       0 | urllc_fifo_sender_i/urllc_fifo_core_0/core/clk_dynamic/inst/clkfbout_buf_urllc_fifo_core_inst_0_clk_dynamic_0 |
+-----------+-------+-----------------+------------+-------------+-----------------+------+--------+------+-----+----+------+-----+---------+---------------------------------------------------------------------------------------------------------------+
* Clock Loads column represents the clock pin loads (pin count)
** Non-Clock Loads column represents the non-clock pin loads (pin count)
*** Columns FF, LUTRAM, RAMB through 'Hard IP' represents load cell counts


14. Clock Region Cell Placement per Global Clock: Region X1Y0
-------------------------------------------------------------

+-----------+-------+-----------------+------------+-------------+-----------------+------+--------+------+-----+----+------+-----+---------+-------------------------------------------------------------------------------------------------------------+
| Global Id | Track | Driver Type/Pin | Constraint | Clock Loads | Non-Clock Loads | FF   | LUTRAM | RAMB | DSP | GT | MMCM | PLL | Hard IP | Net                                                                                                         |
+-----------+-------+-----------------+------------+-------------+-----------------+------+--------+------+-----+----+------+-----+---------+-------------------------------------------------------------------------------------------------------------+
| g0        | n/a   | BUFG/O          | None       |        1766 |               0 | 1680 |     80 |    4 |   0 |  0 |    0 |   0 |       0 | urllc_fifo_sender_i/urllc_fifo_core_0/core/clk_static/inst/clk_out1                                         |
| g3        | n/a   | BUFG/O          | None       |           1 |               0 |    0 |      0 |    0 |   0 |  0 |    1 |   0 |       0 | urllc_fifo_sender_i/urllc_fifo_core_0/core/processing_system7_0/inst/FCLK_CLK0                              |
| g5        | n/a   | BUFG/O          | None       |           1 |               0 |    0 |      0 |    0 |   0 |  0 |    1 |   0 |       0 | urllc_fifo_sender_i/urllc_fifo_core_0/core/clk_static/inst/clkfbout_buf_urllc_fifo_core_inst_0_clk_static_0 |
+-----------+-------+-----------------+------------+-------------+-----------------+------+--------+------+-----+----+------+-----+---------+-------------------------------------------------------------------------------------------------------------+
* Clock Loads column represents the clock pin loads (pin count)
** Non-Clock Loads column represents the non-clock pin loads (pin count)
*** Columns FF, LUTRAM, RAMB through 'Hard IP' represents load cell counts


15. Clock Region Cell Placement per Global Clock: Region X0Y1
-------------------------------------------------------------

+-----------+-------+-----------------+------------+-------------+-----------------+------+--------+------+-----+----+------+-----+---------+---------------------------------------------------------------------+
| Global Id | Track | Driver Type/Pin | Constraint | Clock Loads | Non-Clock Loads | FF   | LUTRAM | RAMB | DSP | GT | MMCM | PLL | Hard IP | Net                                                                 |
+-----------+-------+-----------------+------------+-------------+-----------------+------+--------+------+-----+----+------+-----+---------+---------------------------------------------------------------------+
| g0        | n/a   | BUFG/O          | None       |        3937 |               0 | 3795 |    138 |    2 |   0 |  0 |    0 |   0 |       0 | urllc_fifo_sender_i/urllc_fifo_core_0/core/clk_static/inst/clk_out1 |
+-----------+-------+-----------------+------------+-------------+-----------------+------+--------+------+-----+----+------+-----+---------+---------------------------------------------------------------------+
* Clock Loads column represents the clock pin loads (pin count)
** Non-Clock Loads column represents the non-clock pin loads (pin count)
*** Columns FF, LUTRAM, RAMB through 'Hard IP' represents load cell counts


16. Clock Region Cell Placement per Global Clock: Region X1Y1
-------------------------------------------------------------

+-----------+-------+-----------------+------------+-------------+-----------------+------+--------+------+-----+----+------+-----+---------+---------------------------------------------------------------------+
| Global Id | Track | Driver Type/Pin | Constraint | Clock Loads | Non-Clock Loads | FF   | LUTRAM | RAMB | DSP | GT | MMCM | PLL | Hard IP | Net                                                                 |
+-----------+-------+-----------------+------------+-------------+-----------------+------+--------+------+-----+----+------+-----+---------+---------------------------------------------------------------------+
| g0        | n/a   | BUFG/O          | None       |        3885 |               2 | 3741 |    127 |   17 |   0 |  0 |    0 |   0 |       0 | urllc_fifo_sender_i/urllc_fifo_core_0/core/clk_static/inst/clk_out1 |
| g1        | n/a   | BUFG/O          | None       |         389 |               0 |  389 |      0 |    0 |   0 |  0 |    0 |   0 |       0 | dbg_hub/inst/BSCANID.u_xsdbm_id/itck_i                              |
+-----------+-------+-----------------+------------+-------------+-----------------+------+--------+------+-----+----+------+-----+---------+---------------------------------------------------------------------+
* Clock Loads column represents the clock pin loads (pin count)
** Non-Clock Loads column represents the non-clock pin loads (pin count)
*** Columns FF, LUTRAM, RAMB through 'Hard IP' represents load cell counts


17. Clock Region Cell Placement per Global Clock: Region X0Y2
-------------------------------------------------------------

+-----------+-------+-----------------+------------+-------------+-----------------+-----+--------+------+-----+----+------+-----+---------+-----------------------------------------------------------------------------+
| Global Id | Track | Driver Type/Pin | Constraint | Clock Loads | Non-Clock Loads | FF  | LUTRAM | RAMB | DSP | GT | MMCM | PLL | Hard IP | Net                                                                         |
+-----------+-------+-----------------+------------+-------------+-----------------+-----+--------+------+-----+----+------+-----+---------+-----------------------------------------------------------------------------+
| g0        | n/a   | BUFG/O          | None       |         268 |               0 | 245 |     18 |    4 |   0 |  0 |    0 |   0 |       0 | urllc_fifo_sender_i/urllc_fifo_core_0/core/clk_static/inst/clk_out1         |
| g2        | n/a   | BUFG/O          | None       |         131 |               0 | 130 |      1 |    0 |   0 |  0 |    0 |   0 |       0 | urllc_fifo_sender_i/urllc_fifo_core_0/core/clk_dynamic/inst/clk_out_dynamic |
+-----------+-------+-----------------+------------+-------------+-----------------+-----+--------+------+-----+----+------+-----+---------+-----------------------------------------------------------------------------+
* Clock Loads column represents the clock pin loads (pin count)
** Non-Clock Loads column represents the non-clock pin loads (pin count)
*** Columns FF, LUTRAM, RAMB through 'Hard IP' represents load cell counts


18. Clock Region Cell Placement per Global Clock: Region X1Y2
-------------------------------------------------------------

+-----------+-------+-----------------+------------+-------------+-----------------+-----+--------+------+-----+----+------+-----+---------+---------------------------------------------------------------------+
| Global Id | Track | Driver Type/Pin | Constraint | Clock Loads | Non-Clock Loads | FF  | LUTRAM | RAMB | DSP | GT | MMCM | PLL | Hard IP | Net                                                                 |
+-----------+-------+-----------------+------------+-------------+-----------------+-----+--------+------+-----+----+------+-----+---------+---------------------------------------------------------------------+
| g0        | n/a   | BUFG/O          | None       |         503 |               0 | 475 |     11 |   17 |   0 |  0 |    0 |   0 |       0 | urllc_fifo_sender_i/urllc_fifo_core_0/core/clk_static/inst/clk_out1 |
| g1        | n/a   | BUFG/O          | None       |          77 |               0 |  77 |      0 |    0 |   0 |  0 |    0 |   0 |       0 | dbg_hub/inst/BSCANID.u_xsdbm_id/itck_i                              |
+-----------+-------+-----------------+------------+-------------+-----------------+-----+--------+------+-----+----+------+-----+---------+---------------------------------------------------------------------+
* Clock Loads column represents the clock pin loads (pin count)
** Non-Clock Loads column represents the non-clock pin loads (pin count)
*** Columns FF, LUTRAM, RAMB through 'Hard IP' represents load cell counts



# Location of BUFG Primitives 
set_property LOC BUFGCTRL_X0Y16 [get_cells urllc_fifo_sender_i/urllc_fifo_core_0/core/processing_system7_0/inst/buffer_fclk_clk_0.FCLK_CLK_0_BUFG]
set_property LOC BUFGCTRL_X0Y4 [get_cells urllc_fifo_sender_i/urllc_fifo_core_0/core/clk_static/inst/clkf_buf]
set_property LOC BUFGCTRL_X0Y0 [get_cells urllc_fifo_sender_i/urllc_fifo_core_0/core/clk_static/inst/clkout1_buf]
set_property LOC BUFGCTRL_X0Y3 [get_cells urllc_fifo_sender_i/urllc_fifo_core_0/core/clk_dynamic/inst/clkf_buf]
set_property LOC BUFGCTRL_X0Y2 [get_cells urllc_fifo_sender_i/urllc_fifo_core_0/core/clk_dynamic/inst/clkout1_buf]
set_property LOC BUFGCTRL_X0Y1 [get_cells dbg_hub/inst/BSCANID.u_xsdbm_id/SWITCH_N_EXT_BSCAN.u_bufg_icon_tck]

# Location of IO Primitives which is load of clock spine
set_property LOC IOB_X1Y61 [get_cells sender_da_clk_60M_OBUF_inst]
set_property LOC IOB_X1Y67 [get_cells sender_ad_clk_60M_OBUF_inst]

# Location of clock ports

# Clock net "urllc_fifo_sender_i/urllc_fifo_core_0/core/clk_static/inst/clk_out1" driven by instance "urllc_fifo_sender_i/urllc_fifo_core_0/core/clk_static/inst/clkout1_buf" located at site "BUFGCTRL_X0Y0"
#startgroup
create_pblock {CLKAG_urllc_fifo_sender_i/urllc_fifo_core_0/core/clk_static/inst/clk_out1}
add_cells_to_pblock [get_pblocks  {CLKAG_urllc_fifo_sender_i/urllc_fifo_core_0/core/clk_static/inst/clk_out1}] [get_cells -filter { PRIMITIVE_GROUP != I/O && IS_PRIMITIVE==1 && PRIMITIVE_LEVEL !=INTERNAL && NAME!=sender_da_clk_60M_OBUF_inst && NAME!=sender_ad_clk_60M_OBUF_inst} -of_object [get_pins -filter {DIRECTION==IN} -of_objects [get_nets -hierarchical -filter {PARENT=="urllc_fifo_sender_i/urllc_fifo_core_0/core/clk_static/inst/clk_out1"}]]]
resize_pblock [get_pblocks {CLKAG_urllc_fifo_sender_i/urllc_fifo_core_0/core/clk_static/inst/clk_out1}] -add {CLOCKREGION_X0Y0:CLOCKREGION_X0Y0 CLOCKREGION_X0Y1:CLOCKREGION_X0Y1 CLOCKREGION_X0Y2:CLOCKREGION_X0Y2 CLOCKREGION_X1Y0:CLOCKREGION_X1Y0 CLOCKREGION_X1Y1:CLOCKREGION_X1Y1 CLOCKREGION_X1Y2:CLOCKREGION_X1Y2}
#endgroup

# Clock net "urllc_fifo_sender_i/urllc_fifo_core_0/core/clk_dynamic/inst/clk_out_dynamic" driven by instance "urllc_fifo_sender_i/urllc_fifo_core_0/core/clk_dynamic/inst/clkout1_buf" located at site "BUFGCTRL_X0Y2"
#startgroup
create_pblock {CLKAG_urllc_fifo_sender_i/urllc_fifo_core_0/core/clk_dynamic/inst/clk_out_dynamic}
add_cells_to_pblock [get_pblocks  {CLKAG_urllc_fifo_sender_i/urllc_fifo_core_0/core/clk_dynamic/inst/clk_out_dynamic}] [get_cells -filter { PRIMITIVE_GROUP != I/O && IS_PRIMITIVE==1 && PRIMITIVE_LEVEL !=INTERNAL } -of_object [get_pins -filter {DIRECTION==IN} -of_objects [get_nets -hierarchical -filter {PARENT=="urllc_fifo_sender_i/urllc_fifo_core_0/core/clk_dynamic/inst/clk_out_dynamic"}]]]
resize_pblock [get_pblocks {CLKAG_urllc_fifo_sender_i/urllc_fifo_core_0/core/clk_dynamic/inst/clk_out_dynamic}] -add {CLOCKREGION_X0Y2:CLOCKREGION_X0Y2}
#endgroup

# Clock net "dbg_hub/inst/BSCANID.u_xsdbm_id/itck_i" driven by instance "dbg_hub/inst/BSCANID.u_xsdbm_id/SWITCH_N_EXT_BSCAN.u_bufg_icon_tck" located at site "BUFGCTRL_X0Y1"
#startgroup
create_pblock {CLKAG_dbg_hub/inst/BSCANID.u_xsdbm_id/itck_i}
add_cells_to_pblock [get_pblocks  {CLKAG_dbg_hub/inst/BSCANID.u_xsdbm_id/itck_i}] [get_cells -filter { PRIMITIVE_GROUP != I/O && IS_PRIMITIVE==1 && PRIMITIVE_LEVEL !=INTERNAL } -of_object [get_pins -filter {DIRECTION==IN} -of_objects [get_nets -hierarchical -filter {PARENT=="dbg_hub/inst/BSCANID.u_xsdbm_id/itck_i"}]]]
resize_pblock [get_pblocks {CLKAG_dbg_hub/inst/BSCANID.u_xsdbm_id/itck_i}] -add {CLOCKREGION_X1Y1:CLOCKREGION_X1Y1 CLOCKREGION_X1Y2:CLOCKREGION_X1Y2}
#endgroup
