Copyright 1986-2021 Xilinx, Inc. All Rights Reserved.
-------------------------------------------------------------------------------------------------------------------------------------------------------------------------------------------------------
| Tool Version     : Vivado v.2021.1 (win64) Build 3247384 Thu Jun 10 19:36:33 MDT 2021
| Date             : Sat Jan 29 05:08:45 2022
| Host             : WIN-544SHHHOI8Q running 64-bit major release  (build 9200)
| Command          : report_power -file urllc_fifo_receiver_wrapper_power_routed.rpt -pb urllc_fifo_receiver_wrapper_power_summary_routed.pb -rpx urllc_fifo_receiver_wrapper_power_routed.rpx
| Design           : urllc_fifo_receiver_wrapper
| Device           : xc7z020clg400-2
| Design State     : routed
| Grade            : commercial
| Process          : typical
| Characterization : Production
-------------------------------------------------------------------------------------------------------------------------------------------------------------------------------------------------------

Power Report

Table of Contents
-----------------
1. Summary
1.1 On-Chip Components
1.2 Power Supply Summary
1.3 Confidence Level
2. Settings
2.1 Environment
2.2 Clock Constraints
3. Detailed Reports
3.1 By Hierarchy

1. Summary
----------

+--------------------------+--------------+
| Total On-Chip Power (W)  | 1.730        |
| Design Power Budget (W)  | Unspecified* |
| Power Budget Margin (W)  | NA           |
| Dynamic (W)              | 1.581        |
| Device Static (W)        | 0.149        |
| Effective TJA (C/W)      | 11.5         |
| Max Ambient (C)          | 65.0         |
| Junction Temperature (C) | 45.0         |
| Confidence Level         | Low          |
| Setting File             | ---          |
| Simulation Activity File | ---          |
| Design Nets Matched      | NA           |
+--------------------------+--------------+
* Specify Design Power Budget using, set_operating_conditions -design_power_budget <value in Watts>


1.1 On-Chip Components
----------------------

+--------------------------+-----------+----------+-----------+-----------------+
| On-Chip                  | Power (W) | Used     | Available | Utilization (%) |
+--------------------------+-----------+----------+-----------+-----------------+
| Clocks                   |     0.035 |        9 |       --- |             --- |
| Slice Logic              |     0.008 |    29709 |       --- |             --- |
|   LUT as Logic           |     0.007 |     8468 |     53200 |           15.92 |
|   LUT as Distributed RAM |    <0.001 |      734 |     17400 |            4.22 |
|   Register               |    <0.001 |    14492 |    106400 |           13.62 |
|   CARRY4                 |    <0.001 |      374 |     13300 |            2.81 |
|   LUT as Shift Register  |    <0.001 |      604 |     17400 |            3.47 |
|   F7/F8 Muxes            |    <0.001 |       57 |     53200 |            0.11 |
|   Others                 |     0.000 |     1698 |       --- |             --- |
| Signals                  |     0.010 |    20285 |       --- |             --- |
| Block RAM                |     0.005 |       54 |       140 |           38.57 |
| MMCM                     |     0.229 |        2 |         4 |           50.00 |
| I/O                      |     0.014 |       19 |       125 |           15.20 |
| PS7                      |     1.280 |        1 |       --- |             --- |
| Static Power             |     0.149 |          |           |                 |
| Total                    |     1.730 |          |           |                 |
+--------------------------+-----------+----------+-----------+-----------------+


1.2 Power Supply Summary
------------------------

+-----------+-------------+-----------+-------------+------------+-------------+-------------+------------+
| Source    | Voltage (V) | Total (A) | Dynamic (A) | Static (A) | Powerup (A) | Budget (A)  | Margin (A) |
+-----------+-------------+-----------+-------------+------------+-------------+-------------+------------+
| Vccint    |       1.000 |     0.075 |       0.058 |      0.017 |       NA    | Unspecified | NA         |
| Vccaux    |       1.800 |     0.143 |       0.127 |      0.015 |       NA    | Unspecified | NA         |
| Vcco33    |       3.300 |     0.005 |       0.004 |      0.001 |       NA    | Unspecified | NA         |
| Vcco25    |       2.500 |     0.000 |       0.000 |      0.000 |       NA    | Unspecified | NA         |
| Vcco18    |       1.800 |     0.000 |       0.000 |      0.000 |       NA    | Unspecified | NA         |
| Vcco15    |       1.500 |     0.000 |       0.000 |      0.000 |       NA    | Unspecified | NA         |
| Vcco135   |       1.350 |     0.000 |       0.000 |      0.000 |       NA    | Unspecified | NA         |
| Vcco12    |       1.200 |     0.000 |       0.000 |      0.000 |       NA    | Unspecified | NA         |
| Vccaux_io |       1.800 |     0.000 |       0.000 |      0.000 |       NA    | Unspecified | NA         |
| Vccbram   |       1.000 |     0.005 |       0.000 |      0.004 |       NA    | Unspecified | NA         |
| MGTAVcc   |       1.000 |     0.000 |       0.000 |      0.000 |       NA    | Unspecified | NA         |
| MGTAVtt   |       1.200 |     0.000 |       0.000 |      0.000 |       NA    | Unspecified | NA         |
| MGTVccaux |       1.800 |     0.000 |       0.000 |      0.000 |       NA    | Unspecified | NA         |
| Vccpint   |       1.000 |     0.697 |       0.667 |      0.031 |       NA    | Unspecified | NA         |
| Vccpaux   |       1.800 |     0.037 |       0.026 |      0.010 |       NA    | Unspecified | NA         |
| Vccpll    |       1.800 |     0.017 |       0.014 |      0.003 |       NA    | Unspecified | NA         |
| Vcco_ddr  |       1.500 |     0.356 |       0.354 |      0.002 |       NA    | Unspecified | NA         |
| Vcco_mio0 |       1.800 |     0.004 |       0.003 |      0.001 |       NA    | Unspecified | NA         |
| Vcco_mio1 |       1.800 |     0.003 |       0.002 |      0.001 |       NA    | Unspecified | NA         |
| Vccadc    |       1.800 |     0.020 |       0.000 |      0.020 |       NA    | Unspecified | NA         |
+-----------+-------------+-----------+-------------+------------+-------------+-------------+------------+


1.3 Confidence Level
--------------------

+-----------------------------+------------+--------------------------------------------------------+------------------------------------------------------------------------------------------------------------+
| User Input Data             | Confidence | Details                                                | Action                                                                                                     |
+-----------------------------+------------+--------------------------------------------------------+------------------------------------------------------------------------------------------------------------+
| Design implementation state | High       | Design is routed                                       |                                                                                                            |
| Clock nodes activity        | High       | User specified more than 95% of clocks                 |                                                                                                            |
| I/O nodes activity          | Low        | More than 75% of inputs are missing user specification | Provide missing input activity with simulation results or by editing the "By Resource Type -> I/Os" view   |
| Internal nodes activity     | Medium     | User specified less than 25% of internal nodes         | Provide missing internal nodes activity with simulation results or by editing the "By Resource Type" views |
| Device models               | High       | Device models are Production                           |                                                                                                            |
|                             |            |                                                        |                                                                                                            |
| Overall confidence level    | Low        |                                                        |                                                                                                            |
+-----------------------------+------------+--------------------------------------------------------+------------------------------------------------------------------------------------------------------------+


2. Settings
-----------

2.1 Environment
---------------

+-----------------------+------------------------+
| Ambient Temp (C)      | 25.0                   |
| ThetaJA (C/W)         | 11.5                   |
| Airflow (LFM)         | 250                    |
| Heat Sink             | none                   |
| ThetaSA (C/W)         | 0.0                    |
| Board Selection       | medium (10"x10")       |
| # of Board Layers     | 8to11 (8 to 11 Layers) |
| Board Temperature (C) | 25.0                   |
+-----------------------+------------------------+


2.2 Clock Constraints
---------------------

+--------------------------------------------------------------------------------------------+--------------------------------------------------------------------------------------------------------------------+-----------------+
| Clock                                                                                      | Domain                                                                                                             | Constraint (ns) |
+--------------------------------------------------------------------------------------------+--------------------------------------------------------------------------------------------------------------------+-----------------+
| clk_out1_urllc_fifo_core_inst_1_clk_static_0                                               | urllc_fifo_receiver_i/urllc_fifo_core_0/core/clk_static/inst/clk_out1_urllc_fifo_core_inst_1_clk_static_0          |            16.7 |
| clk_out_dynamic_urllc_fifo_core_inst_1_clk_dynamic_0                                       | urllc_fifo_receiver_i/urllc_fifo_core_0/core/clk_dynamic/inst/clk_out_dynamic_urllc_fifo_core_inst_1_clk_dynamic_0 |            16.7 |
| clkfbout_urllc_fifo_core_inst_1_clk_dynamic_0                                              | urllc_fifo_receiver_i/urllc_fifo_core_0/core/clk_dynamic/inst/clkfbout_urllc_fifo_core_inst_1_clk_dynamic_0        |            16.7 |
| clkfbout_urllc_fifo_core_inst_1_clk_static_0                                               | urllc_fifo_receiver_i/urllc_fifo_core_0/core/clk_static/inst/clkfbout_urllc_fifo_core_inst_1_clk_static_0          |            20.0 |
| dbg_hub/inst/BSCANID.u_xsdbm_id/SWITCH_N_EXT_BSCAN.bscan_inst/SERIES7_BSCAN.bscan_inst/TCK | dbg_hub/inst/BSCANID.u_xsdbm_id/SWITCH_N_EXT_BSCAN.bscan_inst/tck_bs                                               |            33.0 |
| urllc_fifo_receiver_i/urllc_fifo_core_0/core/clk_static/inst/clk_in1                       | clk_pl_50M_IBUF_BUFG                                                                                               |            20.0 |
+--------------------------------------------------------------------------------------------+--------------------------------------------------------------------------------------------------------------------+-----------------+


3. Detailed Reports
-------------------

3.1 By Hierarchy
----------------

+-----------------------------+-----------+
| Name                        | Power (W) |
+-----------------------------+-----------+
| urllc_fifo_receiver_wrapper |     1.581 |
|   dbg_hub                   |     0.002 |
|     inst                    |     0.002 |
|       BSCANID.u_xsdbm_id    |     0.002 |
|   urllc_fifo_receiver_i     |     1.564 |
|     urllc_fifo_core_0       |     1.564 |
|       adc                   |     0.002 |
|       core                  |     1.549 |
|       ila_0                 |     0.004 |
|       ila_fifo_in           |     0.004 |
|       ila_fifo_out          |     0.004 |
+-----------------------------+-----------+


