Copyright 1986-2018 Xilinx, Inc. All Rights Reserved.
--------------------------------------------------------------------------------------------
| Tool Version : Vivado v.2018.3 (win64) Build 2405991 Thu Dec  6 23:38:27 MST 2018
| Date         : Wed May  4 16:51:17 2022
| Host         : Chiro running 64-bit major release  (build 9200)
| Command      : report_clock_utilization -file sender_wrapper_clock_utilization_routed.rpt
| Design       : sender_wrapper
| Device       : 7z020-clg400
| Speed File   : -2  PRODUCTION 1.11 2014-09-11
--------------------------------------------------------------------------------------------

Clock Utilization Report

Table of Contents
-----------------
1. Clock Primitive Utilization
2. Global Clock Resources
3. Global Clock Source Details
4. Local Clock Details
5. Clock Regions: Key Resource Utilization
6. Clock Regions : Global Clock Summary
7. Device Cell Placement Summary for Global Clock g0
8. Device Cell Placement Summary for Global Clock g1
9. Device Cell Placement Summary for Global Clock g2
10. Device Cell Placement Summary for Global Clock g3
11. Device Cell Placement Summary for Global Clock g4
12. Clock Region Cell Placement per Global Clock: Region X0Y0
13. Clock Region Cell Placement per Global Clock: Region X1Y0
14. Clock Region Cell Placement per Global Clock: Region X0Y1
15. Clock Region Cell Placement per Global Clock: Region X1Y1
16. Clock Region Cell Placement per Global Clock: Region X0Y2
17. Clock Region Cell Placement per Global Clock: Region X1Y2

1. Clock Primitive Utilization
------------------------------

+----------+------+-----------+-----+--------------+--------+
| Type     | Used | Available | LOC | Clock Region | Pblock |
+----------+------+-----------+-----+--------------+--------+
| BUFGCTRL |    5 |        32 |   0 |            0 |      0 |
| BUFH     |    0 |        72 |   0 |            0 |      0 |
| BUFIO    |    0 |        16 |   0 |            0 |      0 |
| BUFMR    |    0 |         8 |   0 |            0 |      0 |
| BUFR     |    0 |        16 |   0 |            0 |      0 |
| MMCM     |    2 |         4 |   0 |            0 |      0 |
| PLL      |    0 |         4 |   0 |            0 |      0 |
+----------+------+-----------+-----+--------------+--------+


2. Global Clock Resources
-------------------------

+-----------+-----------+-----------------+------------+----------------+--------------+-------------------+-------------+-----------------+--------------+--------------------------------------------------------------------------------------------+----------------------------------------------------------------------+------------------------------------------------------------------------------------+
| Global Id | Source Id | Driver Type/Pin | Constraint | Site           | Clock Region | Load Clock Region | Clock Loads | Non-Clock Loads | Clock Period | Clock                                                                                      | Driver Pin                                                           | Net                                                                                |
+-----------+-----------+-----------------+------------+----------------+--------------+-------------------+-------------+-----------------+--------------+--------------------------------------------------------------------------------------------+----------------------------------------------------------------------+------------------------------------------------------------------------------------+
| g0        | src0      | BUFG/O          | None       | BUFGCTRL_X0Y16 | n/a          |                 5 |       12446 |               2 |       16.667 | clk_out1_urllc_fifo_core_clk_static_0                                                      | urllc_fifo_core_i/core/clk_static/inst/clkout1_buf/O                 | urllc_fifo_core_i/core/clk_static/inst/clk_out1                                    |
| g1        | src1      | BUFG/O          | None       | BUFGCTRL_X0Y0  | n/a          |                 2 |         461 |               0 |       33.000 | dbg_hub/inst/BSCANID.u_xsdbm_id/SWITCH_N_EXT_BSCAN.bscan_inst/SERIES7_BSCAN.bscan_inst/TCK | dbg_hub/inst/BSCANID.u_xsdbm_id/SWITCH_N_EXT_BSCAN.u_bufg_icon_tck/O | dbg_hub/inst/BSCANID.u_xsdbm_id/itck_i                                             |
| g2        | src2      | BUFG/O          | None       | BUFGCTRL_X0Y1  | n/a          |                 2 |         131 |               0 |       16.667 | clk_out_dynamic_urllc_fifo_core_clk_dynamic_0                                              | urllc_fifo_core_i/core/clk_dynamic/inst/clkout1_buf/O                | urllc_fifo_core_i/core/clk_dynamic/inst/clk_out_dynamic                            |
| g3        | src2      | BUFG/O          | None       | BUFGCTRL_X0Y2  | n/a          |                 1 |           1 |               0 |       16.667 | clkfbout_urllc_fifo_core_clk_dynamic_0                                                     | urllc_fifo_core_i/core/clk_dynamic/inst/clkf_buf/O                   | urllc_fifo_core_i/core/clk_dynamic/inst/clkfbout_buf_urllc_fifo_core_clk_dynamic_0 |
| g4        | src0      | BUFG/O          | None       | BUFGCTRL_X0Y17 | n/a          |                 1 |           1 |               0 |       20.000 | clkfbout_urllc_fifo_core_clk_static_0                                                      | urllc_fifo_core_i/core/clk_static/inst/clkf_buf/O                    | urllc_fifo_core_i/core/clk_static/inst/clkfbout_buf_urllc_fifo_core_clk_static_0   |
+-----------+-----------+-----------------+------------+----------------+--------------+-------------------+-------------+-----------------+--------------+--------------------------------------------------------------------------------------------+----------------------------------------------------------------------+------------------------------------------------------------------------------------+
* Clock Loads column represents the clock pin loads (pin count)
** Non-Clock Loads column represents the non-clock pin loads (pin count)


3. Global Clock Source Details
------------------------------

+-----------+-----------+---------------------+------------+-----------------+--------------+-------------+-----------------+---------------------+--------------------------------------------------------------------------------------------+--------------------------------------------------------------------------------------------+---------------------------------------------------------------------------------------+
| Source Id | Global Id | Driver Type/Pin     | Constraint | Site            | Clock Region | Clock Loads | Non-Clock Loads | Source Clock Period | Source Clock                                                                               | Driver Pin                                                                                 | Net                                                                                   |
+-----------+-----------+---------------------+------------+-----------------+--------------+-------------+-----------------+---------------------+--------------------------------------------------------------------------------------------+--------------------------------------------------------------------------------------------+---------------------------------------------------------------------------------------+
| src0      | g0        | MMCME2_ADV/CLKOUT0  | None       | MMCME2_ADV_X1Y2 | X1Y2         |           1 |               0 |              16.667 | clk_out1_urllc_fifo_core_clk_static_0                                                      | urllc_fifo_core_i/core/clk_static/inst/mmcm_adv_inst/CLKOUT0                               | urllc_fifo_core_i/core/clk_static/inst/clk_out1_urllc_fifo_core_clk_static_0          |
| src0      | g4        | MMCME2_ADV/CLKFBOUT | None       | MMCME2_ADV_X1Y2 | X1Y2         |           1 |               0 |              20.000 | clkfbout_urllc_fifo_core_clk_static_0                                                      | urllc_fifo_core_i/core/clk_static/inst/mmcm_adv_inst/CLKFBOUT                              | urllc_fifo_core_i/core/clk_static/inst/clkfbout_urllc_fifo_core_clk_static_0          |
| src1      | g1        | BSCANE2/TCK         | None       | BSCAN_X0Y0      | X1Y1         |           1 |               0 |              33.000 | dbg_hub/inst/BSCANID.u_xsdbm_id/SWITCH_N_EXT_BSCAN.bscan_inst/SERIES7_BSCAN.bscan_inst/TCK | dbg_hub/inst/BSCANID.u_xsdbm_id/SWITCH_N_EXT_BSCAN.bscan_inst/SERIES7_BSCAN.bscan_inst/TCK | dbg_hub/inst/BSCANID.u_xsdbm_id/SWITCH_N_EXT_BSCAN.bscan_inst/tck_bs                  |
| src2      | g2        | MMCME2_ADV/CLKOUT0  | None       | MMCME2_ADV_X1Y0 | X1Y0         |           1 |               0 |              16.667 | clk_out_dynamic_urllc_fifo_core_clk_dynamic_0                                              | urllc_fifo_core_i/core/clk_dynamic/inst/mmcm_adv_inst/CLKOUT0                              | urllc_fifo_core_i/core/clk_dynamic/inst/clk_out_dynamic_urllc_fifo_core_clk_dynamic_0 |
| src2      | g3        | MMCME2_ADV/CLKFBOUT | None       | MMCME2_ADV_X1Y0 | X1Y0         |           1 |               0 |              16.667 | clkfbout_urllc_fifo_core_clk_dynamic_0                                                     | urllc_fifo_core_i/core/clk_dynamic/inst/mmcm_adv_inst/CLKFBOUT                             | urllc_fifo_core_i/core/clk_dynamic/inst/clkfbout_urllc_fifo_core_clk_dynamic_0        |
+-----------+-----------+---------------------+------------+-----------------+--------------+-------------+-----------------+---------------------+--------------------------------------------------------------------------------------------+--------------------------------------------------------------------------------------------+---------------------------------------------------------------------------------------+
* Clock Loads column represents the clock pin loads (pin count)
** Non-Clock Loads column represents the non-clock pin loads (pin count)


4. Local Clock Details
----------------------

+----------+-----------------+------------+------------------+--------------+-------------+-----------------+--------------+-------+--------------------------------------------------------------------------------------+----------------------------------------------------------------------+
| Local Id | Driver Type/Pin | Constraint | Site/BEL         | Clock Region | Clock Loads | Non-Clock Loads | Clock Period | Clock | Driver Pin                                                                           | Net                                                                  |
+----------+-----------------+------------+------------------+--------------+-------------+-----------------+--------------+-------+--------------------------------------------------------------------------------------+----------------------------------------------------------------------||
| 0        | FDRE/Q          | None       | SLICE_X31Y70/DFF | X0Y1         |           1 |               3 |              |       | urllc_fifo_core_i/debug_ctrl/axi_gpio_0/U0/gpio_core_1/Dual.gpio2_Data_Out_reg[28]/Q | urllc_fifo_core_i/debug_ctrl/axi_gpio_0/U0/gpio_core_1/gpio2_io_o[3] - Static -
+----------+-----------------+------------+------------------+--------------+-------------+-----------------+--------------+-------+--------------------------------------------------------------------------------------+----------------------------------------------------------------------||
* Local Clocks in this context represents only clocks driven by non-global buffers
** Clock Loads column represents the clock pin loads (pin count)
*** Non-Clock Loads column represents the non-clock pin loads (pin count)


5. Clock Regions: Key Resource Utilization
------------------------------------------

+-------------------+--------------+--------------+--------------+--------------+--------------+--------------+--------------+--------------+--------------+--------------+--------------+--------------+--------------+--------------+--------------+
|                   | Global Clock |     BUFRs    |    BUFMRs    |    BUFIOs    |     MMCM     |      PLL     |      GT      |      PCI     |    ILOGIC    |    OLOGIC    |      FF      |     LUTM     |    RAMB18    |    RAMB36    |    DSP48E2   |
+-------------------+------+-------+------+-------+------+-------+------+-------+------+-------+------+-------+------+-------+------+-------+------+-------+------+-------+------+-------+------+-------+------+-------+------+-------+------+-------+
| Clock Region Name | Used | Avail | Used | Avail | Used | Avail | Used | Avail | Used | Avail | Used | Avail | Used | Avail | Used | Avail | Used | Avail | Used | Avail | Used | Avail | Used | Avail | Used | Avail | Used | Avail | Used | Avail |
+-------------------+------+-------+------+-------+------+-------+------+-------+------+-------+------+-------+------+-------+------+-------+------+-------+------+-------+------+-------+------+-------+------+-------+------+-------+------+-------+
| X0Y0              |    1 |    12 |    0 |     4 |    0 |     2 |    0 |     4 |    0 |     1 |    0 |     1 |    0 |     0 |    0 |     0 |    0 |    50 |    0 |    50 | 4038 |  2500 | 1669 |  1000 |    0 |    60 |   30 |    30 |    0 |    60 |
| X1Y0              |    3 |    12 |    0 |     4 |    0 |     2 |    0 |     4 |    1 |     1 |    0 |     1 |    0 |     0 |    0 |     0 |    0 |    50 |    0 |    50 | 3532 |  3200 |  600 |   850 |    0 |    60 |   23 |    30 |    0 |    40 |
| X0Y1              |    2 |    12 |    0 |     0 |    0 |     0 |    0 |     0 |    0 |     0 |    0 |     0 |    0 |     0 |    0 |     0 |    0 |     0 |    0 |     0 | 2452 |  1200 | 1036 |   400 |    0 |    20 |    4 |    10 |    0 |    20 |
| X1Y1              |    3 |    12 |    0 |     4 |    0 |     2 |    0 |     4 |    0 |     1 |    0 |     1 |    0 |     0 |    0 |     0 |    0 |    50 |    0 |    50 | 1080 |  2600 |  370 |   850 |    0 |    60 |    5 |    30 |    0 |    40 |
| X0Y2              |    1 |    12 |    0 |     0 |    0 |     0 |    0 |     0 |    0 |     0 |    0 |     0 |    0 |     0 |    0 |     0 |    0 |     0 |    0 |     0 |  101 |  1200 |   51 |   400 |    0 |    20 |    0 |    10 |    0 |    20 |
| X1Y2              |    1 |    12 |    0 |     4 |    0 |     2 |    0 |     4 |    1 |     1 |    0 |     1 |    0 |     0 |    0 |     0 |    0 |    50 |    0 |    50 |    0 |  2600 |    0 |   850 |    0 |    60 |    0 |    30 |    0 |    40 |
+-------------------+------+-------+------+-------+------+-------+------+-------+------+-------+------+-------+------+-------+------+-------+------+-------+------+-------+------+-------+------+-------+------+-------+------+-------+------+-------+
* Global Clock column represents track count; while other columns represents cell counts


6. Clock Regions : Global Clock Summary
---------------------------------------

All Modules
+----+----+----+
|    | X0 | X1 |
+----+----+----+
| Y2 |  1 |  1 |
| Y1 |  2 |  3 |
| Y0 |  1 |  3 |
+----+----+----+


7. Device Cell Placement Summary for Global Clock g0
----------------------------------------------------

+-----------+-----------------+-------------------+---------------------------------------+-------------+---------------+-------------+----------+----------------+----------+-------------------------------------------------+
| Global Id | Driver Type/Pin | Driver Region (D) | Clock                                 | Period (ns) | Waveform (ns) | Slice Loads | IO Loads | Clocking Loads | GT Loads | Net                                             |
+-----------+-----------------+-------------------+---------------------------------------+-------------+---------------+-------------+----------+----------------+----------+-------------------------------------------------+
| g0        | BUFG/O          | n/a               | clk_out1_urllc_fifo_core_clk_static_0 |      16.667 | {0.000 8.333} |       11310 |        2 |              1 |        0 | urllc_fifo_core_i/core/clk_static/inst/clk_out1 |
+-----------+-----------------+-------------------+---------------------------------------+-------------+---------------+-------------+----------+----------------+----------+-------------------------------------------------+
* Logic Loads column represents load cell count of all cell types other than IO, GT and clock resources
** IO Loads column represents load cell count of IO types
*** Clocking Loads column represents load cell count that are clock resources (global clock buffer, MMCM, PLL, etc)
**** GT Loads column represents load cell count of GT types


+----+-------+-------+
|    | X0    | X1    |
+----+-------+-------+
| Y2 |   120 |     0 |
| Y1 |  2525 |  1030 |
| Y0 |  4335 |  3303 |
+----+-------+-------+


8. Device Cell Placement Summary for Global Clock g1
----------------------------------------------------

+-----------+-----------------+-------------------+--------------------------------------------------------------------------------------------+-------------+----------------+-------------+----------+----------------+----------+----------------------------------------+
| Global Id | Driver Type/Pin | Driver Region (D) | Clock                                                                                      | Period (ns) | Waveform (ns)  | Slice Loads | IO Loads | Clocking Loads | GT Loads | Net                                    |
+-----------+-----------------+-------------------+--------------------------------------------------------------------------------------------+-------------+----------------+-------------+----------+----------------+----------+----------------------------------------+
| g1        | BUFG/O          | n/a               | dbg_hub/inst/BSCANID.u_xsdbm_id/SWITCH_N_EXT_BSCAN.bscan_inst/SERIES7_BSCAN.bscan_inst/TCK |      33.000 | {0.000 16.500} |         458 |        0 |              0 |        0 | dbg_hub/inst/BSCANID.u_xsdbm_id/itck_i |
+-----------+-----------------+-------------------+--------------------------------------------------------------------------------------------+-------------+----------------+-------------+----------+----------------+----------+----------------------------------------+
* Logic Loads column represents load cell count of all cell types other than IO, GT and clock resources
** IO Loads column represents load cell count of IO types
*** Clocking Loads column represents load cell count that are clock resources (global clock buffer, MMCM, PLL, etc)
**** GT Loads column represents load cell count of GT types


+----+----+------+
|    | X0 | X1   |
+----+----+------+
| Y2 |  0 |    0 |
| Y1 |  0 |   98 |
| Y0 |  0 |  360 |
+----+----+------+


9. Device Cell Placement Summary for Global Clock g2
----------------------------------------------------

+-----------+-----------------+-------------------+-----------------------------------------------+-------------+---------------+-------------+----------+----------------+----------+---------------------------------------------------------+
| Global Id | Driver Type/Pin | Driver Region (D) | Clock                                         | Period (ns) | Waveform (ns) | Slice Loads | IO Loads | Clocking Loads | GT Loads | Net                                                     |
+-----------+-----------------+-------------------+-----------------------------------------------+-------------+---------------+-------------+----------+----------------+----------+---------------------------------------------------------+
| g2        | BUFG/O          | n/a               | clk_out_dynamic_urllc_fifo_core_clk_dynamic_0 |      16.667 | {0.000 8.333} |         131 |        0 |              0 |        0 | urllc_fifo_core_i/core/clk_dynamic/inst/clk_out_dynamic |
+-----------+-----------------+-------------------+-----------------------------------------------+-------------+---------------+-------------+----------+----------------+----------+---------------------------------------------------------+
* Logic Loads column represents load cell count of all cell types other than IO, GT and clock resources
** IO Loads column represents load cell count of IO types
*** Clocking Loads column represents load cell count that are clock resources (global clock buffer, MMCM, PLL, etc)
**** GT Loads column represents load cell count of GT types


+----+-----+-----+
|    | X0  | X1  |
+----+-----+-----+
| Y2 |   0 |   0 |
| Y1 |  97 |  34 |
| Y0 |   0 |   0 |
+----+-----+-----+


10. Device Cell Placement Summary for Global Clock g3
-----------------------------------------------------

+-----------+-----------------+-------------------+----------------------------------------+-------------+---------------+-------------+----------+----------------+----------+------------------------------------------------------------------------------------+
| Global Id | Driver Type/Pin | Driver Region (D) | Clock                                  | Period (ns) | Waveform (ns) | Slice Loads | IO Loads | Clocking Loads | GT Loads | Net                                                                                |
+-----------+-----------------+-------------------+----------------------------------------+-------------+---------------+-------------+----------+----------------+----------+------------------------------------------------------------------------------------+
| g3        | BUFG/O          | n/a               | clkfbout_urllc_fifo_core_clk_dynamic_0 |      16.667 | {0.000 8.333} |           0 |        0 |              1 |        0 | urllc_fifo_core_i/core/clk_dynamic/inst/clkfbout_buf_urllc_fifo_core_clk_dynamic_0 |
+-----------+-----------------+-------------------+----------------------------------------+-------------+---------------+-------------+----------+----------------+----------+------------------------------------------------------------------------------------+
* Logic Loads column represents load cell count of all cell types other than IO, GT and clock resources
** IO Loads column represents load cell count of IO types
*** Clocking Loads column represents load cell count that are clock resources (global clock buffer, MMCM, PLL, etc)
**** GT Loads column represents load cell count of GT types


+----+----+----+
|    | X0 | X1 |
+----+----+----+
| Y2 |  0 |  0 |
| Y1 |  0 |  0 |
| Y0 |  0 |  1 |
+----+----+----+


11. Device Cell Placement Summary for Global Clock g4
-----------------------------------------------------

+-----------+-----------------+-------------------+---------------------------------------+-------------+----------------+-------------+----------+----------------+----------+----------------------------------------------------------------------------------+
| Global Id | Driver Type/Pin | Driver Region (D) | Clock                                 | Period (ns) | Waveform (ns)  | Slice Loads | IO Loads | Clocking Loads | GT Loads | Net                                                                              |
+-----------+-----------------+-------------------+---------------------------------------+-------------+----------------+-------------+----------+----------------+----------+----------------------------------------------------------------------------------+
| g4        | BUFG/O          | n/a               | clkfbout_urllc_fifo_core_clk_static_0 |      20.000 | {0.000 10.000} |           0 |        0 |              1 |        0 | urllc_fifo_core_i/core/clk_static/inst/clkfbout_buf_urllc_fifo_core_clk_static_0 |
+-----------+-----------------+-------------------+---------------------------------------+-------------+----------------+-------------+----------+----------------+----------+----------------------------------------------------------------------------------+
* Logic Loads column represents load cell count of all cell types other than IO, GT and clock resources
** IO Loads column represents load cell count of IO types
*** Clocking Loads column represents load cell count that are clock resources (global clock buffer, MMCM, PLL, etc)
**** GT Loads column represents load cell count of GT types


+----+----+----+
|    | X0 | X1 |
+----+----+----+
| Y2 |  0 |  1 |
| Y1 |  0 |  0 |
| Y0 |  0 |  0 |
+----+----+----+


12. Clock Region Cell Placement per Global Clock: Region X0Y0
-------------------------------------------------------------

+-----------+-------+-----------------+------------+-------------+-----------------+------+--------+------+-----+----+------+-----+---------+-------------------------------------------------+
| Global Id | Track | Driver Type/Pin | Constraint | Clock Loads | Non-Clock Loads | FF   | LUTRAM | RAMB | DSP | GT | MMCM | PLL | Hard IP | Net                                             |
+-----------+-------+-----------------+------------+-------------+-----------------+------+--------+------+-----+----+------+-----+---------+-------------------------------------------------+
| g0        | n/a   | BUFG/O          | None       |        4335 |               0 | 4038 |    267 |   30 |   0 |  0 |    0 |   0 |       0 | urllc_fifo_core_i/core/clk_static/inst/clk_out1 |
+-----------+-------+-----------------+------------+-------------+-----------------+------+--------+------+-----+----+------+-----+---------+-------------------------------------------------+
* Clock Loads column represents the clock pin loads (pin count)
** Non-Clock Loads column represents the non-clock pin loads (pin count)
*** Columns FF, LUTRAM, RAMB through 'Hard IP' represents load cell counts


13. Clock Region Cell Placement per Global Clock: Region X1Y0
-------------------------------------------------------------

+-----------+-------+-----------------+------------+-------------+-----------------+------+--------+------+-----+----+------+-----+---------+------------------------------------------------------------------------------------+
| Global Id | Track | Driver Type/Pin | Constraint | Clock Loads | Non-Clock Loads | FF   | LUTRAM | RAMB | DSP | GT | MMCM | PLL | Hard IP | Net                                                                                |
+-----------+-------+-----------------+------------+-------------+-----------------+------+--------+------+-----+----+------+-----+---------+------------------------------------------------------------------------------------+
| g0        | n/a   | BUFG/O          | None       |        3303 |               0 | 3172 |    106 |   23 |   0 |  0 |    1 |   0 |       0 | urllc_fifo_core_i/core/clk_static/inst/clk_out1                                    |
| g1        | n/a   | BUFG/O          | None       |         360 |               0 |  360 |      0 |    0 |   0 |  0 |    0 |   0 |       0 | dbg_hub/inst/BSCANID.u_xsdbm_id/itck_i                                             |
| g3        | n/a   | BUFG/O          | None       |           1 |               0 |    0 |      0 |    0 |   0 |  0 |    1 |   0 |       0 | urllc_fifo_core_i/core/clk_dynamic/inst/clkfbout_buf_urllc_fifo_core_clk_dynamic_0 |
+-----------+-------+-----------------+------------+-------------+-----------------+------+--------+------+-----+----+------+-----+---------+------------------------------------------------------------------------------------+
* Clock Loads column represents the clock pin loads (pin count)
** Non-Clock Loads column represents the non-clock pin loads (pin count)
*** Columns FF, LUTRAM, RAMB through 'Hard IP' represents load cell counts


14. Clock Region Cell Placement per Global Clock: Region X0Y1
-------------------------------------------------------------

+-----------+-------+-----------------+------------+-------------+-----------------+------+--------+------+-----+----+------+-----+---------+---------------------------------------------------------+
| Global Id | Track | Driver Type/Pin | Constraint | Clock Loads | Non-Clock Loads | FF   | LUTRAM | RAMB | DSP | GT | MMCM | PLL | Hard IP | Net                                                     |
+-----------+-------+-----------------+------------+-------------+-----------------+------+--------+------+-----+----+------+-----+---------+---------------------------------------------------------+
| g0        | n/a   | BUFG/O          | None       |        2525 |               0 | 2355 |    165 |    4 |   0 |  0 |    0 |   0 |       0 | urllc_fifo_core_i/core/clk_static/inst/clk_out1         |
| g2        | n/a   | BUFG/O          | None       |          97 |               0 |   97 |      0 |    0 |   0 |  0 |    0 |   0 |       0 | urllc_fifo_core_i/core/clk_dynamic/inst/clk_out_dynamic |
+-----------+-------+-----------------+------------+-------------+-----------------+------+--------+------+-----+----+------+-----+---------+---------------------------------------------------------+
* Clock Loads column represents the clock pin loads (pin count)
** Non-Clock Loads column represents the non-clock pin loads (pin count)
*** Columns FF, LUTRAM, RAMB through 'Hard IP' represents load cell counts


15. Clock Region Cell Placement per Global Clock: Region X1Y1
-------------------------------------------------------------

+-----------+-------+-----------------+------------+-------------+-----------------+-----+--------+------+-----+----+------+-----+---------+---------------------------------------------------------+
| Global Id | Track | Driver Type/Pin | Constraint | Clock Loads | Non-Clock Loads | FF  | LUTRAM | RAMB | DSP | GT | MMCM | PLL | Hard IP | Net                                                     |
+-----------+-------+-----------------+------------+-------------+-----------------+-----+--------+------+-----+----+------+-----+---------+---------------------------------------------------------+
| g0        | n/a   | BUFG/O          | None       |        1028 |               2 | 949 |     73 |    5 |   0 |  0 |    0 |   0 |       0 | urllc_fifo_core_i/core/clk_static/inst/clk_out1         |
| g1        | n/a   | BUFG/O          | None       |          98 |               0 |  98 |      0 |    0 |   0 |  0 |    0 |   0 |       0 | dbg_hub/inst/BSCANID.u_xsdbm_id/itck_i                  |
| g2        | n/a   | BUFG/O          | None       |          34 |               0 |  33 |      1 |    0 |   0 |  0 |    0 |   0 |       0 | urllc_fifo_core_i/core/clk_dynamic/inst/clk_out_dynamic |
+-----------+-------+-----------------+------------+-------------+-----------------+-----+--------+------+-----+----+------+-----+---------+---------------------------------------------------------+
* Clock Loads column represents the clock pin loads (pin count)
** Non-Clock Loads column represents the non-clock pin loads (pin count)
*** Columns FF, LUTRAM, RAMB through 'Hard IP' represents load cell counts


16. Clock Region Cell Placement per Global Clock: Region X0Y2
-------------------------------------------------------------

+-----------+-------+-----------------+------------+-------------+-----------------+-----+--------+------+-----+----+------+-----+---------+-------------------------------------------------+
| Global Id | Track | Driver Type/Pin | Constraint | Clock Loads | Non-Clock Loads | FF  | LUTRAM | RAMB | DSP | GT | MMCM | PLL | Hard IP | Net                                             |
+-----------+-------+-----------------+------------+-------------+-----------------+-----+--------+------+-----+----+------+-----+---------+-------------------------------------------------+
| g0        | n/a   | BUFG/O          | None       |         120 |               0 | 101 |     18 |    0 |   0 |  0 |    0 |   0 |       0 | urllc_fifo_core_i/core/clk_static/inst/clk_out1 |
+-----------+-------+-----------------+------------+-------------+-----------------+-----+--------+------+-----+----+------+-----+---------+-------------------------------------------------+
* Clock Loads column represents the clock pin loads (pin count)
** Non-Clock Loads column represents the non-clock pin loads (pin count)
*** Columns FF, LUTRAM, RAMB through 'Hard IP' represents load cell counts


17. Clock Region Cell Placement per Global Clock: Region X1Y2
-------------------------------------------------------------

+-----------+-------+-----------------+------------+-------------+-----------------+----+--------+------+-----+----+------+-----+---------+----------------------------------------------------------------------------------+
| Global Id | Track | Driver Type/Pin | Constraint | Clock Loads | Non-Clock Loads | FF | LUTRAM | RAMB | DSP | GT | MMCM | PLL | Hard IP | Net                                                                              |
+-----------+-------+-----------------+------------+-------------+-----------------+----+--------+------+-----+----+------+-----+---------+----------------------------------------------------------------------------------+
| g4        | n/a   | BUFG/O          | None       |           1 |               0 |  0 |      0 |    0 |   0 |  0 |    1 |   0 |       0 | urllc_fifo_core_i/core/clk_static/inst/clkfbout_buf_urllc_fifo_core_clk_static_0 |
+-----------+-------+-----------------+------------+-------------+-----------------+----+--------+------+-----+----+------+-----+---------+----------------------------------------------------------------------------------+
* Clock Loads column represents the clock pin loads (pin count)
** Non-Clock Loads column represents the non-clock pin loads (pin count)
*** Columns FF, LUTRAM, RAMB through 'Hard IP' represents load cell counts



# Location of BUFG Primitives 
set_property LOC BUFGCTRL_X0Y17 [get_cells urllc_fifo_core_i/core/clk_static/inst/clkf_buf]
set_property LOC BUFGCTRL_X0Y16 [get_cells urllc_fifo_core_i/core/clk_static/inst/clkout1_buf]
set_property LOC BUFGCTRL_X0Y2 [get_cells urllc_fifo_core_i/core/clk_dynamic/inst/clkf_buf]
set_property LOC BUFGCTRL_X0Y1 [get_cells urllc_fifo_core_i/core/clk_dynamic/inst/clkout1_buf]
set_property LOC BUFGCTRL_X0Y0 [get_cells dbg_hub/inst/BSCANID.u_xsdbm_id/SWITCH_N_EXT_BSCAN.u_bufg_icon_tck]

# Location of IO Primitives which is load of clock spine
set_property LOC IOB_X1Y61 [get_cells sender_da_clk_60M_OBUF_inst]
set_property LOC IOB_X1Y67 [get_cells sender_ad_clk_60M_OBUF_inst]

# Location of clock ports
set_property LOC IOB_X1Y126 [get_ports clk_pl_50M]

# Clock net "urllc_fifo_core_i/core/clk_static/inst/clk_out1" driven by instance "urllc_fifo_core_i/core/clk_static/inst/clkout1_buf" located at site "BUFGCTRL_X0Y16"
#startgroup
create_pblock {CLKAG_urllc_fifo_core_i/core/clk_static/inst/clk_out1}
add_cells_to_pblock [get_pblocks  {CLKAG_urllc_fifo_core_i/core/clk_static/inst/clk_out1}] [get_cells -filter { PRIMITIVE_GROUP != I/O && IS_PRIMITIVE==1 && PRIMITIVE_LEVEL !=INTERNAL && NAME!=urllc_fifo_core_i/core/clk_dynamic/inst/mmcm_adv_inst && NAME!=sender_da_clk_60M_OBUF_inst && NAME!=sender_ad_clk_60M_OBUF_inst} -of_object [get_pins -filter {DIRECTION==IN} -of_objects [get_nets -hierarchical -filter {PARENT=="urllc_fifo_core_i/core/clk_static/inst/clk_out1"}]]]
resize_pblock [get_pblocks {CLKAG_urllc_fifo_core_i/core/clk_static/inst/clk_out1}] -add {CLOCKREGION_X0Y0:CLOCKREGION_X0Y0 CLOCKREGION_X0Y1:CLOCKREGION_X0Y1 CLOCKREGION_X0Y2:CLOCKREGION_X0Y2 CLOCKREGION_X1Y0:CLOCKREGION_X1Y0 CLOCKREGION_X1Y1:CLOCKREGION_X1Y1}
#endgroup

# Clock net "urllc_fifo_core_i/core/clk_dynamic/inst/clk_out_dynamic" driven by instance "urllc_fifo_core_i/core/clk_dynamic/inst/clkout1_buf" located at site "BUFGCTRL_X0Y1"
#startgroup
create_pblock {CLKAG_urllc_fifo_core_i/core/clk_dynamic/inst/clk_out_dynamic}
add_cells_to_pblock [get_pblocks  {CLKAG_urllc_fifo_core_i/core/clk_dynamic/inst/clk_out_dynamic}] [get_cells -filter { PRIMITIVE_GROUP != I/O && IS_PRIMITIVE==1 && PRIMITIVE_LEVEL !=INTERNAL } -of_object [get_pins -filter {DIRECTION==IN} -of_objects [get_nets -hierarchical -filter {PARENT=="urllc_fifo_core_i/core/clk_dynamic/inst/clk_out_dynamic"}]]]
resize_pblock [get_pblocks {CLKAG_urllc_fifo_core_i/core/clk_dynamic/inst/clk_out_dynamic}] -add {CLOCKREGION_X0Y1:CLOCKREGION_X0Y1 CLOCKREGION_X1Y1:CLOCKREGION_X1Y1}
#endgroup

# Clock net "dbg_hub/inst/BSCANID.u_xsdbm_id/itck_i" driven by instance "dbg_hub/inst/BSCANID.u_xsdbm_id/SWITCH_N_EXT_BSCAN.u_bufg_icon_tck" located at site "BUFGCTRL_X0Y0"
#startgroup
create_pblock {CLKAG_dbg_hub/inst/BSCANID.u_xsdbm_id/itck_i}
add_cells_to_pblock [get_pblocks  {CLKAG_dbg_hub/inst/BSCANID.u_xsdbm_id/itck_i}] [get_cells -filter { PRIMITIVE_GROUP != I/O && IS_PRIMITIVE==1 && PRIMITIVE_LEVEL !=INTERNAL } -of_object [get_pins -filter {DIRECTION==IN} -of_objects [get_nets -hierarchical -filter {PARENT=="dbg_hub/inst/BSCANID.u_xsdbm_id/itck_i"}]]]
resize_pblock [get_pblocks {CLKAG_dbg_hub/inst/BSCANID.u_xsdbm_id/itck_i}] -add {CLOCKREGION_X1Y0:CLOCKREGION_X1Y0 CLOCKREGION_X1Y1:CLOCKREGION_X1Y1}
#endgroup
